<?xml version="1.0" encoding="UTF-8"?>
<robot generator="Robot 2.9 (Jython 2.7.0 on java1.7.0_65)" generated="20150916 23:13:19.634">
<suite source="/Users/robertwarren/GitHub/TicTacToe-GUI/acceptance/TicTacToeGUITests.txt" id="s1" name="TicTacToeGUITests">
<test id="s1-t1" name="Win Diagonally as X">
<kw name="Start New Game">
<kw name="Start Application">
<arguments>
<arg>edu.jsu.mcis.TicTacToeGame</arg>
</arguments>
<msg timestamp="20150916 23:13:20.086" level="FAIL">No keyword with name 'Start Application' found.</msg>
<status status="FAIL" starttime="20150916 23:13:20.084" endtime="20150916 23:13:20.088"></status>
</kw>
<status status="FAIL" starttime="20150916 23:13:20.057" endtime="20150916 23:13:20.091"></status>
</kw>
<status status="FAIL" starttime="20150916 23:13:20.053" endtime="20150916 23:13:20.094" critical="yes">No keyword with name 'Start Application' found.</status>
</test>
<test id="s1-t2" name="Win Horizontally as O">
<kw name="Start New Game">
<kw name="Start Application">
<arguments>
<arg>edu.jsu.mcis.TicTacToeGame</arg>
</arguments>
<msg timestamp="20150916 23:13:20.147" level="FAIL">No keyword with name 'Start Application' found.</msg>
<status status="FAIL" starttime="20150916 23:13:20.145" endtime="20150916 23:13:20.149"></status>
</kw>
<status status="FAIL" starttime="20150916 23:13:20.113" endtime="20150916 23:13:20.151"></status>
</kw>
<status status="FAIL" starttime="20150916 23:13:20.104" endtime="20150916 23:13:20.154" critical="yes">No keyword with name 'Start Application' found.</status>
</test>
<test id="s1-t3" name="Force a Tie">
<kw name="Start New Game">
<kw name="Start Application">
<arguments>
<arg>edu.jsu.mcis.TicTacToeGame</arg>
</arguments>
<msg timestamp="20150916 23:13:20.188" level="FAIL">No keyword with name 'Start Application' found.</msg>
<status status="FAIL" starttime="20150916 23:13:20.186" endtime="20150916 23:13:20.191"></status>
</kw>
<status status="FAIL" starttime="20150916 23:13:20.161" endtime="20150916 23:13:20.193"></status>
</kw>
<status status="FAIL" starttime="20150916 23:13:20.157" endtime="20150916 23:13:20.194" critical="yes">No keyword with name 'Start Application' found.</status>
</test>
<status status="FAIL" starttime="20150916 23:13:19.649" endtime="20150916 23:13:20.199"></status>
</suite>
<statistics>
<total>
<stat pass="0" fail="3">Critical Tests</stat>
<stat pass="0" fail="3">All Tests</stat>
</total>
<tag>
</tag>
<suite>
<stat pass="0" id="s1" fail="3" name="TicTacToeGUITests">TicTacToeGUITests</stat>
</suite>
</statistics>
<errors>
<msg timestamp="20150916 23:13:20.047" level="ERROR">Error in file '/Users/robertwarren/GitHub/TicTacToe-GUI/acceptance/TicTacToeGUITests.txt': Importing test library 'SwingLibrary' failed: ImportError: No module named SwingLibrary
Traceback (most recent call last):
  None
PYTHONPATH:
  /Users/robertwarren/RobotFramework/Lib
  /Users/robertwarren/RobotFramework/robotframework-2.9.jar/Lib
  __classpath__
  __pyclasspath__/
CLASSPATH:
  .
  ../build/classes/main
  /Users/robertwarren/RobotFramework/robotframework-2.9.jar</msg>
</errors>
</robot>
